{
  "stats": {
    "suites": 1,
    "tests": 1,
    "passes": 1,
    "pending": 0,
    "failures": 0,
    "start": "2023-03-02T11:01:46.526Z",
    "end": "2023-03-02T11:01:54.352Z",
    "duration": 7826,
    "testsRegistered": 1,
    "passPercent": 100,
    "pendingPercent": 0,
    "other": 0,
    "hasOther": false,
    "skipped": 0,
    "hasSkipped": false
  },
  "results": [
    {
      "uuid": "a89aea06-b0e3-43d9-85c6-fadb02634771",
      "title": "",
      "fullFile": "C:\\Users\\USER\\Desktop\\Test_Script_for_WM_Product_Marjetplace-Prestashop\\UsersTest\\TestScript2.js",
      "file": "\\UsersTest\\TestScript2.js",
      "beforeHooks": [],
      "afterHooks": [],
      "tests": [],
      "suites": [
        {
          "uuid": "f210683e-09f9-435f-9eff-eb9bffe9bb54",
          "title": "Verifing if key features/menus on the home page are present",
          "fullFile": "C:\\Users\\USER\\Desktop\\Test_Script_for_WM_Product_Marjetplace-Prestashop\\UsersTest\\TestScript2.js",
          "file": "\\UsersTest\\TestScript2.js",
          "beforeHooks": [],
          "afterHooks": [],
          "tests": [
            {
              "title": "Verify if all the menus to control a customer account are present",
              "fullTitle": "Verifing if key features/menus on the home page are present Verify if all the menus to control a customer account are present",
              "timedOut": null,
              "duration": 6955,
              "state": "passed",
              "speed": "slow",
              "pass": true,
              "fail": false,
              "pending": false,
              "context": null,
              "code": "let driver = await new Builder().forBrowser(Browser.CHROME).build();\n        //To control your seller account you must have logged in, so we start be attempting to login\n        await driver.get('https://wealthmarketshop.com/index.php?controller=authentication&back=my-account');\n        // Fill in the login form\n        const emailInput = driver.findElement(By.name('email'));\n        emailInput.sendKeys('seunjr7@gmail.com');\n        const passwordInput = driver.findElement(By.name('password'));\n        passwordInput.sendKeys('economicedu156');\n        // Submit the login form\n        const loginButton = driver.findElement(By.id('submit-login'));\n        loginButton.click();\n        //successful log in\n        await driver.wait(until.urlIs('https://wealthmarketshop.com/index.php?controller=my-account'), 5000);\n        // //Check for the wishlist menu\n        let customerMenus = await (await driver.findElement(By.className('account-list'))).getText();\n        assert.equal(customerMenus,\n            ('Personal info\\n' +\n                'Merchandise returns\\n' +\n                'Orders\\n' +\n                'Credit slips\\n' +\n                'Addresses\\n' +\n                'Vouchers\\n' +\n                'My alerts\\n' +\n                'Seller Ticket Status\\n' +\n                'Become a seller\\n' +\n                'My wishlist\\n' +\n                'Sign out'\n            )\n        )\n        // close browser session \n        // driver.close();",
              "err": {},
              "uuid": "1f429c6a-74e9-4a1e-8634-0f342cb29953",
              "parentUUID": null,
              "isHook": false,
              "skipped": false
            }
          ],
          "suites": [],
          "passes": [
            "1f429c6a-74e9-4a1e-8634-0f342cb29953"
          ],
          "failures": [],
          "pending": [],
          "skipped": [],
          "duration": 6955,
          "root": false,
          "rootEmpty": false,
          "_timeout": null
        }
      ],
      "passes": [],
      "failures": [],
      "pending": [],
      "skipped": [],
      "duration": 0,
      "root": true,
      "rootEmpty": true,
      "_timeout": 0
    }
  ],
  "meta": {
    "mocha": {
      "version": "10.2.0"
    },
    "mochawesome": {
      "options": {
        "quiet": false,
        "reportFilename": "mochawesome",
        "saveHtml": true,
        "saveJson": true,
        "consoleReporter": "spec",
        "useInlineDiffs": false,
        "code": true
      },
      "version": "7.1.3"
    },
    "marge": {
      "options": {
        "reportDir": "testReports",
        "": true
      },
      "version": "6.2.0"
    }
  }
}