{
  "stats": {
    "suites": 1,
    "tests": 1,
    "passes": 0,
    "pending": 0,
    "failures": 1,
    "start": "2023-03-03T15:11:56.696Z",
    "end": "2023-03-03T15:12:16.533Z",
    "duration": 19837,
    "testsRegistered": 1,
    "passPercent": 0,
    "pendingPercent": 0,
    "other": 0,
    "hasOther": false,
    "skipped": 0,
    "hasSkipped": false
  },
  "results": [
    {
      "uuid": "5d5dd343-58f4-4bb7-b820-7d2ceb061e92",
      "title": "",
      "fullFile": "C:\\Users\\USER\\Desktop\\Test_Script_for_WM_Product_Marjetplace-Prestashop\\TestSUITE2\\TestCase1.js",
      "file": "\\TestSUITE2\\TestCase1.js",
      "beforeHooks": [],
      "afterHooks": [],
      "tests": [],
      "suites": [
        {
          "uuid": "440f1d0d-b096-4bff-b8d5-662f6fc14333",
          "title": "Verifying the process of search for a particaulr product and adding it to cart",
          "fullFile": "C:\\Users\\USER\\Desktop\\Test_Script_for_WM_Product_Marjetplace-Prestashop\\TestSUITE2\\TestCase1.js",
          "file": "\\TestSUITE2\\TestCase1.js",
          "beforeHooks": [],
          "afterHooks": [],
          "tests": [
            {
              "title": "Valid scenario",
              "fullTitle": "Verifying the process of search for a particaulr product and adding it to cart Valid scenario",
              "timedOut": null,
              "duration": 19230,
              "state": "failed",
              "speed": null,
              "pass": false,
              "fail": true,
              "pending": false,
              "context": null,
              "code": "let driver = await new Builder().forBrowser(Browser.CHROME).build();\n        // Navigate to the log in page on the service marketplace\n        await driver.get('https://wealthmarketshop.com/index.php?controller=authentication&back=my-account');\n        // Set the window size to the full screen\n        driver.manage().window().maximize();\n        // Fill in the login form\n        const emailInput = driver.findElement(By.name('email'));\n        emailInput.sendKeys('seunjr7@gmail.com');\n        const passwordInput = driver.findElement(By.name('password'));\n        passwordInput.sendKeys('economicedu156');\n        // Submit the login form\n        const loginButton = driver.findElement(By.id('submit-login'));\n        loginButton.click();\n        await driver.wait(until.urlIs('https://wealthmarketshop.com/index.php?controller=my-account'), 20000, 'Showld load dashboard page');\n        //Identify the search bar by name and enter a product name to search for\n        await driver.findElement(By.name(\"s\")).sendKeys(\"Travocort Creme 15 g\", Key.RETURN);\n        //For the result bar click the item that shows up\n        await driver.findElement(By.className(\"thumbnail product-thumbnail\")).click();\n        //go to the first seller on the sellers table and click add to cart from the seller\n        await driver.manage().setTimeouts({ implicit: 5000 });\n        await driver.findElement(By.xpath(\"//div/section/div[2]/div[2]/div/div[1]/table/tbody/tr/td[9]/div/i[1]\")).click();\n        //Verify if the check out component pop out by the side when you add a product to cart\n        await driver.findElement(By.id(\"js-cart-sidebar\"));\n        //click on check out\n        // Navigate to a different webpage in the new tab wit the url for check out.\n        //I did this becuase I could get it to locate and click the check out element on the above page\n        await driver.switchTo().newWindow();\n        await driver.get('https://wealthmarketshop.com/index.php?controller=cart&action=show');\n        \n        await driver.findElement(By.css('body')).sendKeys(Key.CONTROL);\n        \n        await driver.manage().setTimeouts({ implicit: 5000 });\n        // await driver.findElement(By.xpath(\"//div[1]/div[2]/div[3]/div/a\")).click();\n        //click on proceed to check out\n        await driver.findElement(By.xpath(\"//div[1]/div[2]/div/div[2]/a\")).click();\n        //Or you can click on continue shopping if that's what you want\n        // await driver.findElement(By.className(\"btn btn - secondary btn - wrap\")).click();\n        //Provided you already have a shipping address you will proceed to continue\n        await driver.findElement(By.name(\"confirm-addresses\")).click();\n        //shiping method \n        // await driver.wait(until.urlIs(\"https://wealthmarketshop.com/index.php?controller=order\"), 2000);\n        //Enter delivery message\n        await driver.findElement(By.id(\"delivery_message\")).sendKeys(\"This is my delivery message to you\");\n        //Enter continue \n        await driver.findElement(By.name(\"confirmDeliveryOption\")).click();\n        //select payment method\n        //choose your payment method\n        let whatYouWantToPayWith = \"Pay by Check\";\n        let paymentMethod = await driver.findElement(By.className(\"option-text\")).click();\n        // console.log(paymentMethod);\n        //check the box for terms and condition\n        await driver.findElement(By.id(\"conditions_to_approve[terms-and-conditions]\")).click();\n        //Place the order\n        await driver.findElement(By.className(\"btn btn-primary btn-large btn-wrap\")).click();\n        //confirm order was placed\n        await driver.findElement(By.id(\"content-hook_order_confirmation\"));\n        //close browser\n        driver.quit();",
              "err": {
                "message": "NoSuchElementError: no such element: Unable to locate element: {\"method\":\"css selector\",\"selector\":\"*[name=\"confirm-addresses\"]\"}\n  (Session info: chrome=110.0.5481.178)",
                "estack": "NoSuchElementError: no such element: Unable to locate element: {\"method\":\"css selector\",\"selector\":\"*[name=\"confirm-addresses\"]\"}\n  (Session info: chrome=110.0.5481.178)\n    at Object.throwDecodedError (node_modules\\selenium-webdriver\\lib\\error.js:524:15)\n    at parseHttpResponse (node_modules\\selenium-webdriver\\lib\\http.js:587:13)\n    at Executor.execute (node_modules\\selenium-webdriver\\lib\\http.js:515:28)\n    at processTicksAndRejections (internal/process/task_queues.js:95:5)\n    at async Driver.execute (node_modules\\selenium-webdriver\\lib\\webdriver.js:745:17)\n    at async toWireValue (node_modules\\selenium-webdriver\\lib\\webdriver.js:145:15)\n    at async C:\\Users\\USER\\Desktop\\Test_Script_for_WM_Product_Marjetplace-Prestashop\\node_modules\\selenium-webdriver\\lib\\webdriver.js:195:16\n    at async forEachKey (node_modules\\selenium-webdriver\\lib\\webdriver.js:189:9)\n    at async convertKeys (node_modules\\selenium-webdriver\\lib\\webdriver.js:194:3)\n    at async Driver.execute (node_modules\\selenium-webdriver\\lib\\webdriver.js:743:22)",
                "diff": null
              },
              "uuid": "daefe0e1-4678-400a-98ef-4be05bd4afcf",
              "parentUUID": null,
              "isHook": false,
              "skipped": false
            }
          ],
          "suites": [],
          "passes": [],
          "failures": [
            "daefe0e1-4678-400a-98ef-4be05bd4afcf"
          ],
          "pending": [],
          "skipped": [],
          "duration": 19230,
          "root": false,
          "rootEmpty": false,
          "_timeout": null
        }
      ],
      "passes": [],
      "failures": [],
      "pending": [],
      "skipped": [],
      "duration": 0,
      "root": true,
      "rootEmpty": true,
      "_timeout": 0
    }
  ],
  "meta": {
    "mocha": {
      "version": "10.2.0"
    },
    "mochawesome": {
      "options": {
        "quiet": false,
        "reportFilename": "mochawesome",
        "saveHtml": true,
        "saveJson": true,
        "consoleReporter": "spec",
        "useInlineDiffs": false,
        "code": true
      },
      "version": "7.1.3"
    },
    "marge": {
      "options": {
        "reportDir": "testReports",
        "": true
      },
      "version": "6.2.0"
    }
  }
}