{
  "stats": {
    "suites": 1,
    "tests": 3,
    "passes": 1,
    "pending": 0,
    "failures": 2,
    "start": "2023-03-08T15:55:34.168Z",
    "end": "2023-03-08T15:56:16.124Z",
    "duration": 41956,
    "testsRegistered": 3,
    "passPercent": 33.33333333333333,
    "pendingPercent": 0,
    "other": 0,
    "hasOther": false,
    "skipped": 0,
    "hasSkipped": false
  },
  "results": [
    {
      "uuid": "8e23a631-7cac-4df2-a7cf-d0ab9f09ca47",
      "title": "",
      "fullFile": "C:\\Users\\USER\\Desktop\\Test_Script_for_WM_Product_Marjetplace-Prestashop\\TestSuite2\\TestCase2.js",
      "file": "\\TestSuite2\\TestCase2.js",
      "beforeHooks": [],
      "afterHooks": [],
      "tests": [],
      "suites": [
        {
          "uuid": "8bd6cfb2-9c49-462d-9fe4-ffa9f9bd8cbe",
          "title": "Test for Login",
          "fullFile": "C:\\Users\\USER\\Desktop\\Test_Script_for_WM_Product_Marjetplace-Prestashop\\TestSuite2\\TestCase2.js",
          "file": "\\TestSuite2\\TestCase2.js",
          "beforeHooks": [],
          "afterHooks": [],
          "tests": [
            {
              "title": "Verifying not logging before writing a review for a product",
              "fullTitle": "Test for Login Verifying not logging before writing a review for a product",
              "timedOut": null,
              "duration": 14467,
              "state": "failed",
              "speed": null,
              "pass": false,
              "fail": true,
              "pending": false,
              "context": null,
              "code": "let driver = await new Builder().forBrowser(\"firefox\").build();\nawait driver.get(\"https://wealthmarketshop.com/index.php\");\nawait driver.findElement(By.xpath(\"//div/div/div[2]/div[2]/div/article[1]/div/div[2]/div[1]\")).click();\nawait driver.findElement(By.xpath(\"//div[1]/div[2]/section/div[1]/div/div[5]/div[3]/a/div[2]/span\")).click();   \n//Wait for the page to finish loading\nawait driver.manage().setTimeouts({ implicit: 2000 });\nlet reviewTitle = await driver.findElement(By.id(\"review_title\")).sendKeys(\"Awsesome Product\");\nlet reviewText = await driver.findElement(By.id(\"review_text\")).sendKeys(\"I love the product so much\");\n\nlet dispplayName = await driver.findElement(By.id(\"display_name\")).sendKeys(\"Seuncarta\");\nlet displayEmail = await driver.findElement(By.id(\"display_email\")).sendKeys(\"seuncarta@gmail.com\");\nlet rating = await driver.findElement(By.xpath(\"//div/table/tbody/tr[3]/td[2]/div/div/label[2]\")).click();\nlet termsConditions = await driver.findElement(By.id(\"kb_gdpr_tnc_accept\")).click();\nlet submitButton = await driver.findElement(By.id(\"kbrc_addreview_button\")).click();      \n//Wait for 5 seconds before looking for the element with the success message\nawait driver.manage().setTimeouts({ implicit: 2000 });\nlet successMessage = await driver.findElement(By.xpath(\"/html/body/main/section/div/div/div/div/div/span\")).getText();\nsuccessMessage.should.equal('Review has been sent for review to admin. Review will be visible on the site once approved. you will be notified when the review will be approved OR rejected.');\n\n//Close browser\nawait driver.quit();",
              "err": {
                "message": "NoSuchElementError: Unable to locate element: *[id=\"review_title\"]",
                "estack": "NoSuchElementError: Unable to locate element: *[id=\"review_title\"]\n    at Object.throwDecodedError (node_modules\\selenium-webdriver\\lib\\error.js:524:15)\n    at parseHttpResponse (node_modules\\selenium-webdriver\\lib\\http.js:587:13)\n    at Executor.execute (node_modules\\selenium-webdriver\\lib\\http.js:515:28)\n    at processTicksAndRejections (internal/process/task_queues.js:95:5)\n    at async Driver.execute (node_modules\\selenium-webdriver\\lib\\webdriver.js:745:17)\n    at async toWireValue (node_modules\\selenium-webdriver\\lib\\webdriver.js:145:15)\n    at async C:\\Users\\USER\\Desktop\\Test_Script_for_WM_Product_Marjetplace-Prestashop\\node_modules\\selenium-webdriver\\lib\\webdriver.js:195:16\n    at async forEachKey (node_modules\\selenium-webdriver\\lib\\webdriver.js:189:9)\n    at async convertKeys (node_modules\\selenium-webdriver\\lib\\webdriver.js:194:3)\n    at async Driver.execute (node_modules\\selenium-webdriver\\lib\\webdriver.js:743:22)",
                "diff": null
              },
              "uuid": "8ee7706c-0f57-4f8a-a553-eb90a8d8703b",
              "parentUUID": null,
              "isHook": false,
              "skipped": false
            },
            {
              "title": "Verify Login before writing a review for the product",
              "fullTitle": "Test for Login Verify Login before writing a review for the product",
              "timedOut": null,
              "duration": 16603,
              "state": "failed",
              "speed": null,
              "pass": false,
              "fail": true,
              "pending": false,
              "context": null,
              "code": "// Set up the Selenium WebDriver instance\n        let driver = await new Builder().forBrowser(Browser.FIREFOX).build();\n        // Navigate to the log in page on the service marketplace\n        await driver.get('https://wealthmarketshop.com/index.php?controller=authentication&back=my-account');\n        // Fill in the login form\n        const emailInput = driver.findElement(By.name('email'));\n        emailInput.sendKeys('seunjr7@gmail.com');\n        const passwordInput = driver.findElement(By.name('password'));\n        passwordInput.sendKeys('economicedu156');\n        // Submit the login form\n        const loginButton = driver.findElement(By.id('submit-login'));\n        loginButton.click();\n        await driver.wait(until.urlIs('https://wealthmarketshop.com/index.php?controller=my-account'), 5000, 'Showld load dashboard page');\n        await driver.get(\"https://wealthmarketshop.com/index.php\");\n        await driver.findElement(By.xpath(\"//div/div/div[2]/div[2]/div/article[1]/div/div[2]/div[1]\")).click();\n        await driver.findElement(By.xpath(\"//div[1]/div[2]/section/div[1]/div/div[5]/div[3]/a/div[2]/span\")).click();   \n        driver.getTitle().then(async function (title) {\n            console.log(title);            \n        });\n        let reviewTitle = await driver.findElement(By.id(\"review_title\"));        \n        reviewTitle.sendKeys(\"Awsesome Product\");\n        let reviewText = await driver.findElement(By.id(\"review_text\")).sendKeys(\"I love the product so much\");\n        \n        let dispplayName = await driver.findElement(By.id(\"display_name\")).sendKeys(\"Seuncarta\");\n        let displayEmail = await driver.findElement(By.id(\"display_email\")).sendKeys(\"seuncarta@gmail.com\");\n        let rating = await driver.findElement(By.xpath(\"//div/table/tbody/tr[3]/td[2]/div/div/label[2]\")).click();\n        let termsConditions = await driver.findElement(By.id(\"kb_gdpr_tnc_accept\")).click();\n        let submitButton = await driver.findElement(By.id(\"kbrc_addreview_button\"));\n        \n        //Wait for 5 seconds before looking for the element with the success message\n        await driver.manage().setTimeouts({ implicit: 2000 });\n        \n        let successMessage = await driver.findElement(By.xpath(\"/html/body/main/section/div/div/div/div/div/span\")).getText();\n        successMessage.should.equal('Review has been sent for review to admin. Review will be visible on the site once approved. you will be notified when the review will be approved OR rejected.');\n       \n        // close browser session \n        driver.close();",
              "err": {
                "message": "NoSuchElementError: Unable to locate element: *[id=\"review_title\"]",
                "estack": "NoSuchElementError: Unable to locate element: *[id=\"review_title\"]\n    at Object.throwDecodedError (node_modules\\selenium-webdriver\\lib\\error.js:524:15)\n    at parseHttpResponse (node_modules\\selenium-webdriver\\lib\\http.js:587:13)\n    at Executor.execute (node_modules\\selenium-webdriver\\lib\\http.js:515:28)\n    at processTicksAndRejections (internal/process/task_queues.js:95:5)\n    at async Driver.execute (node_modules\\selenium-webdriver\\lib\\webdriver.js:745:17)\n    at async Context.<anonymous> (TestSuite2\\TestCase2.js:77:27)",
                "diff": null
              },
              "uuid": "08536ab3-8709-4bd4-baef-f89b52f3ae57",
              "parentUUID": null,
              "isHook": false,
              "skipped": false
            },
            {
              "title": "Workaround test script to verify writing product review by going directly to the review page",
              "fullTitle": "Test for Login Workaround test script to verify writing product review by going directly to the review page",
              "timedOut": null,
              "duration": 10273,
              "state": "passed",
              "speed": "slow",
              "pass": true,
              "fail": false,
              "pending": false,
              "context": null,
              "code": "let driver = await new Builder().forBrowser(\"chrome\").build();\nawait driver.get(\"https://wealthmarketshop.com/index.php?product_id=2761&fc=module&module=kbreviewincentives&controller=kbwritenewreview\")\n\nlet reviewTitle = await driver.findElement(By.id(\"review_title\"));\nreviewTitle.sendKeys(\"Awsesome Product\");\nlet reviewText = await driver.findElement(By.id(\"review_text\")).sendKeys(\"I love the product so much\");\nlet dispplayName = await driver.findElement(By.id(\"display_name\")).sendKeys(\"Seuncarta\");\nlet displayEmail = await driver.findElement(By.id(\"display_email\")).sendKeys(\"seuncarta@gmail.com\");\nlet rating = await driver.findElement(By.xpath(\"//div/table/tbody/tr[3]/td[2]/div/div/label[2]\")).click();\nlet termsConditions = await driver.findElement(By.id(\"kb_gdpr_tnc_accept\")).click();\nlet submitButton = await driver.findElement(By.id(\"kbrc_addreview_button\")).click();     \n\n//Wait for 5 seconds before looking for the element with the success message\nawait driver.manage().setTimeouts({ implicit: 2000 });\n\nlet successMessage = await driver.findElement(By.xpath(\"/html/body/main/section/div/div/div/div/div/span\")).getText();\nsuccessMessage.should.equal('Review has been sent for review to admin. Review will be visible on the site once approved. you will be notified when the review will be approved OR rejected.');\n//Close browser\nawait driver.quit();",
              "err": {},
              "uuid": "adb5c68c-6a1f-42e5-a965-3608786170a2",
              "parentUUID": null,
              "isHook": false,
              "skipped": false
            }
          ],
          "suites": [],
          "passes": [
            "adb5c68c-6a1f-42e5-a965-3608786170a2"
          ],
          "failures": [
            "8ee7706c-0f57-4f8a-a553-eb90a8d8703b",
            "08536ab3-8709-4bd4-baef-f89b52f3ae57"
          ],
          "pending": [],
          "skipped": [],
          "duration": 41343,
          "root": false,
          "rootEmpty": false,
          "_timeout": null
        }
      ],
      "passes": [],
      "failures": [],
      "pending": [],
      "skipped": [],
      "duration": 0,
      "root": true,
      "rootEmpty": true,
      "_timeout": 0
    }
  ],
  "meta": {
    "mocha": {
      "version": "10.2.0"
    },
    "mochawesome": {
      "options": {
        "quiet": false,
        "reportFilename": "mochawesome",
        "saveHtml": true,
        "saveJson": true,
        "consoleReporter": "spec",
        "useInlineDiffs": false,
        "code": true
      },
      "version": "7.1.3"
    },
    "marge": {
      "options": {
        "reportDir": "testReports",
        "": true
      },
      "version": "6.2.0"
    }
  }
}