{
  "stats": {
    "suites": 1,
    "tests": 1,
    "passes": 1,
    "pending": 0,
    "failures": 0,
    "start": "2023-03-02T15:57:25.203Z",
    "end": "2023-03-02T15:57:34.764Z",
    "duration": 9561,
    "testsRegistered": 1,
    "passPercent": 100,
    "pendingPercent": 0,
    "other": 0,
    "hasOther": false,
    "skipped": 0,
    "hasSkipped": false
  },
  "results": [
    {
      "uuid": "96424c2c-41cb-4e46-bf23-a760160c6a92",
      "title": "",
      "fullFile": "C:\\Users\\USER\\Desktop\\Test_Script_for_WM_Product_Marjetplace-Prestashop\\TestSuite1\\TestScript1.js",
      "file": "\\TestSuite1\\TestScript1.js",
      "beforeHooks": [],
      "afterHooks": [],
      "tests": [],
      "suites": [
        {
          "uuid": "49885f69-901c-4bba-90a3-f6af5dfc9260",
          "title": "Test for Login",
          "fullFile": "C:\\Users\\USER\\Desktop\\Test_Script_for_WM_Product_Marjetplace-Prestashop\\TestSuite1\\TestScript1.js",
          "file": "\\TestSuite1\\TestScript1.js",
          "beforeHooks": [],
          "afterHooks": [],
          "tests": [
            {
              "title": "Valid scenario",
              "fullTitle": "Test for Login Valid scenario",
              "timedOut": null,
              "duration": 8873,
              "state": "passed",
              "speed": "slow",
              "pass": true,
              "fail": false,
              "pending": false,
              "context": null,
              "code": "// Set up the Selenium WebDriver instance\n        let driver = await new Builder().forBrowser(Browser.CHROME).build();\n        // Navigate to the log in page on the service marketplace\n        await driver.get('https://wealthmarketshop.com/index.php?controller=authentication&back=my-account');\n        // Fill in the login form\n        const emailInput = driver.findElement(By.name('email'));\n        emailInput.sendKeys('seunjr7@gmail.com');\n        const passwordInput = driver.findElement(By.name('password'));\n        passwordInput.sendKeys('economicedu156');\n        // Submit the login form\n        const loginButton = driver.findElement(By.id('submit-login'));\n        loginButton.click();\n        await driver.wait(until.urlIs('https://wealthmarketshop.com/index.php?controller=my-account'), 5000, 'Showld load dashboard page');\n        // close browser session \n        driver.close();",
              "err": {},
              "uuid": "bb5fef64-1dbe-4e21-862d-b4451b61c394",
              "parentUUID": null,
              "isHook": false,
              "skipped": false
            }
          ],
          "suites": [],
          "passes": [
            "bb5fef64-1dbe-4e21-862d-b4451b61c394"
          ],
          "failures": [],
          "pending": [],
          "skipped": [],
          "duration": 8873,
          "root": false,
          "rootEmpty": false,
          "_timeout": null
        }
      ],
      "passes": [],
      "failures": [],
      "pending": [],
      "skipped": [],
      "duration": 0,
      "root": true,
      "rootEmpty": true,
      "_timeout": 0
    }
  ],
  "meta": {
    "mocha": {
      "version": "10.2.0"
    },
    "mochawesome": {
      "options": {
        "quiet": false,
        "reportFilename": "mochawesome",
        "saveHtml": true,
        "saveJson": true,
        "consoleReporter": "spec",
        "useInlineDiffs": false,
        "code": true
      },
      "version": "7.1.3"
    },
    "marge": {
      "options": {
        "reportDir": "testReports",
        "": true
      },
      "version": "6.2.0"
    }
  }
}