{
  "stats": {
    "suites": 1,
    "tests": 1,
    "passes": 0,
    "pending": 0,
    "failures": 1,
    "start": "2023-03-02T09:52:44.206Z",
    "end": "2023-03-02T09:53:32.378Z",
    "duration": 48172,
    "testsRegistered": 1,
    "passPercent": 0,
    "pendingPercent": 0,
    "other": 0,
    "hasOther": false,
    "skipped": 0,
    "hasSkipped": false
  },
  "results": [
    {
      "uuid": "6b0dcc5f-d1a6-48a6-9165-09d4dba95d6b",
      "title": "",
      "fullFile": "C:\\Users\\USER\\Desktop\\Test_Script_for_WM_Product_Marjetplace-Prestashop\\UsersTest\\TestScript2.js",
      "file": "\\UsersTest\\TestScript2.js",
      "beforeHooks": [],
      "afterHooks": [],
      "tests": [],
      "suites": [
        {
          "uuid": "1678eb63-6ead-43b8-9de9-d4b7297782e2",
          "title": "Verifing if key features/menus on the home page are present",
          "fullFile": "C:\\Users\\USER\\Desktop\\Test_Script_for_WM_Product_Marjetplace-Prestashop\\UsersTest\\TestScript2.js",
          "file": "\\UsersTest\\TestScript2.js",
          "beforeHooks": [],
          "afterHooks": [],
          "tests": [
            {
              "title": "Verify if all the menus to control a customer account are present",
              "fullTitle": "Verifing if key features/menus on the home page are present Verify if all the menus to control a customer account are present",
              "timedOut": null,
              "duration": 47237,
              "state": "failed",
              "speed": null,
              "pass": false,
              "fail": true,
              "pending": false,
              "context": null,
              "code": "let driver = await new Builder().forBrowser(Browser.CHROME).build();\n        //A user have to sign in before he can seen the wishlist menu\n        await driver.get('https://wealthmarketshop.com/index.php?controller=authentication&back=my-account');\n        // Fill in the login form\n        const emailInput = driver.findElement(By.name('email'));\n        emailInput.sendKeys('seunjr7@gmail.com');\n        const passwordInput = driver.findElement(By.name('password'));\n        passwordInput.sendKeys('economicedu156');\n        // Submit the login form\n        const loginButton = driver.findElement(By.id('submit-login'));\n        loginButton.click();\n        //successful log in\n        await driver.wait(until.urlIs('https://wealthmarketshop.com/index.php?controller=my-account'), 5000);\n        //Check for the wishlist menu\n        let customerMenus = await driver.findElement(By.className('link hidden-md-up')).getText();\n        console.log(customerMenus)\n        assert.equal(customerMenus,\n            (   'Dashboard\\n' +\n                'Seller Profile\\n' +\n                'Products\\n' +\n                'Orders\\n' +\n                'Product Reviews\\n' +\n                'My Review\\n' +\n                'Earning\\n' +\n                'Transactions\\n' +\n                'Payout Request\\n' +\n                'Category Request\\n' +\n                'Shipping\\n' +\n                'GDPR\\n' +\n                'CSV/XML Import/Export\\n' +\n                'Ticket System\\n' +\n                'Booking Products\\n' +\n                'Booking Price Rues'\n            )\n        )\n        // close browser session \n        driver.close();",
              "err": {
                "message": "AssertionError: 'Dashboard\\n' +\n  'Seller Profile\\n' +\n  'Products\\n' +\n  'Orders\\n' +\n  'Product Reviews\\n' +\n  'My Reviews\\n' +\n  'Earning\\n' +\n  'Transactions\\n' +\n  'Payout Request\\n' +\n  'Category Request\\n' +\n  'Shipping\\n' +\n  'GDPR\\n' +\n  'CSV/XML Import/Export\\n' +\n  'Ticket System\\n' +\n  'Booking Products\\n' +\n  'Booking Price Rules' == 'Dashboard\\n' +\n  'Seller Profile\\n' +\n  'Products\\n' +\n  'Orders\\n' +\n  'Product Reviews\\n' +\n  'My Review\\n' +\n  'Earning\\n' +\n  'Transactions\\n' +\n  'Payout Request\\n' +\n  'Category Request\\n' +\n  'Shipping\\n' +\n  'GDPR\\n' +\n  'CSV/XML Import/Export\\n' +\n  'Ticket System\\n' +\n  'Booking Products\\n' +\n  'Booking Price Rues'",
                "estack": "AssertionError [ERR_ASSERTION]: 'Dashboard\\n' +\n  'Seller Profile\\n' +\n  'Products\\n' +\n  'Orders\\n' +\n  'Product Reviews\\n' +\n  'My Reviews\\n' +\n  'Earning\\n' +\n  'Transactions\\n' +\n  'Payout Request\\n' +\n  'Category Request\\n' +\n  'Shipping\\n' +\n  'GDPR\\n' +\n  'CSV/XML Import/Export\\n' +\n  'Ticket System\\n' +\n  'Booking Products\\n' +\n  'Booking Price Rules' == 'Dashboard\\n' +\n  'Seller Profile\\n' +\n  'Products\\n' +\n  'Orders\\n' +\n  'Product Reviews\\n' +\n  'My Review\\n' +\n  'Earning\\n' +\n  'Transactions\\n' +\n  'Payout Request\\n' +\n  'Category Request\\n' +\n  'Shipping\\n' +\n  'GDPR\\n' +\n  'CSV/XML Import/Export\\n' +\n  'Ticket System\\n' +\n  'Booking Products\\n' +\n  'Booking Price Rues'\n    at Context.<anonymous> (UsersTest\\TestScript2.js:116:16)\n    at processTicksAndRejections (internal/process/task_queues.js:95:5)",
                "diff": " Seller Profile\n Products\n Orders\n Product Reviews\n- My Reviews\n+ My Review\n Earning\n Transactions\n Payout Request\n Category Request\n GDPR\n CSV/XML Import/Export\n Ticket System\n Booking Products\n- Booking Price Rules\n+ Booking Price Rues\n"
              },
              "uuid": "2f9320e0-17d0-4c7d-b992-eeec0565aaac",
              "parentUUID": null,
              "isHook": false,
              "skipped": false
            }
          ],
          "suites": [],
          "passes": [],
          "failures": [
            "2f9320e0-17d0-4c7d-b992-eeec0565aaac"
          ],
          "pending": [],
          "skipped": [],
          "duration": 47237,
          "root": false,
          "rootEmpty": false,
          "_timeout": null
        }
      ],
      "passes": [],
      "failures": [],
      "pending": [],
      "skipped": [],
      "duration": 0,
      "root": true,
      "rootEmpty": true,
      "_timeout": 0
    }
  ],
  "meta": {
    "mocha": {
      "version": "10.2.0"
    },
    "mochawesome": {
      "options": {
        "quiet": false,
        "reportFilename": "mochawesome",
        "saveHtml": true,
        "saveJson": true,
        "consoleReporter": "spec",
        "useInlineDiffs": false,
        "code": true
      },
      "version": "7.1.3"
    },
    "marge": {
      "options": {
        "reportDir": "testReports",
        "": true
      },
      "version": "6.2.0"
    }
  }
}