{
  "stats": {
    "suites": 1,
    "tests": 1,
    "passes": 1,
    "pending": 0,
    "failures": 0,
    "start": "2023-02-21T14:55:00.316Z",
    "end": "2023-02-21T14:55:23.914Z",
    "duration": 23598,
    "testsRegistered": 1,
    "passPercent": 100,
    "pendingPercent": 0,
    "other": 0,
    "hasOther": false,
    "skipped": 0,
    "hasSkipped": false
  },
  "results": [
    {
      "uuid": "48933562-1cea-43f8-9a03-576b728d063c",
      "title": "",
      "fullFile": "C:\\Users\\USER\\Desktop\\Test_Script_for_WM_Product_Marjetplace-Prestashop\\userstest\\1logintest.js",
      "file": "\\userstest\\1logintest.js",
      "beforeHooks": [],
      "afterHooks": [],
      "tests": [],
      "suites": [
        {
          "uuid": "704e991c-eaa4-4095-bdc7-479aa22e7a80",
          "title": "Test for Login",
          "fullFile": "C:\\Users\\USER\\Desktop\\Test_Script_for_WM_Product_Marjetplace-Prestashop\\userstest\\1logintest.js",
          "file": "\\userstest\\1logintest.js",
          "beforeHooks": [],
          "afterHooks": [],
          "tests": [
            {
              "title": "Valid scenario",
              "fullTitle": "Test for Login Valid scenario",
              "timedOut": null,
              "duration": 23024,
              "state": "passed",
              "speed": "slow",
              "pass": true,
              "fail": false,
              "pending": false,
              "context": null,
              "code": "// Set up the Selenium WebDriver instance\nlet driver = await new Builder().forBrowser(Browser.CHROME).build();\n// Navigate to the log in page on the service marketplace\nawait driver.get('https://wealthmarketshop.com/index.php?controller=authentication&back=my-account');\n// Fill in the login form\nconst emailInput = driver.findElement(By.name('email'));\nemailInput.sendKeys('seunjr7@gmail.com');\nconst passwordInput = driver.findElement(By.name('password'));\npasswordInput.sendKeys('economicedu156');\n// Submit the login form\nconst loginButton = driver.findElement(By.id('submit-login'));\nloginButton.click();\nawait driver.wait(until.urlIs('https://wealthmarketshop.com/index.php?controller=my-account'), 5000, 'Showld load dashboard page');\n//close the browser\nawait driver.quit();",
              "err": {},
              "uuid": "825c9124-ab9c-40e5-accd-9b4e909f72bf",
              "parentUUID": null,
              "isHook": false,
              "skipped": false
            }
          ],
          "suites": [],
          "passes": [
            "825c9124-ab9c-40e5-accd-9b4e909f72bf"
          ],
          "failures": [],
          "pending": [],
          "skipped": [],
          "duration": 23024,
          "root": false,
          "rootEmpty": false,
          "_timeout": null
        }
      ],
      "passes": [],
      "failures": [],
      "pending": [],
      "skipped": [],
      "duration": 0,
      "root": true,
      "rootEmpty": true,
      "_timeout": 0
    }
  ],
  "meta": {
    "mocha": {
      "version": "10.2.0"
    },
    "mochawesome": {
      "options": {
        "quiet": false,
        "reportFilename": "mochawesome",
        "saveHtml": true,
        "saveJson": true,
        "consoleReporter": "spec",
        "useInlineDiffs": false,
        "code": true
      },
      "version": "7.1.3"
    },
    "marge": {
      "options": {
        "reportDir": "testReports",
        "": true
      },
      "version": "6.2.0"
    }
  }
}