{
  "stats": {
    "suites": 1,
    "tests": 6,
    "passes": 6,
    "pending": 0,
    "failures": 0,
    "start": "2023-03-07T16:23:33.648Z",
    "end": "2023-03-07T16:27:31.599Z",
    "duration": 237951,
    "testsRegistered": 6,
    "passPercent": 100,
    "pendingPercent": 0,
    "other": 0,
    "hasOther": false,
    "skipped": 0,
    "hasSkipped": false
  },
  "results": [
    {
      "uuid": "f18af920-6fc5-4dde-9f2b-9889a841a918",
      "title": "",
      "fullFile": "C:\\Users\\corep\\Desktop\\Testing\\Test_Script_for_WM_Product_Marjetplace-Prestashop\\TestSuite1\\TestScript2.js",
      "file": "\\TestSuite1\\TestScript2.js",
      "beforeHooks": [],
      "afterHooks": [],
      "tests": [],
      "suites": [
        {
          "uuid": "1f86134f-94a5-4a9e-b6ff-50ce314828de",
          "title": "Verifing if key features/menus on the home page are present",
          "fullFile": "C:\\Users\\corep\\Desktop\\Testing\\Test_Script_for_WM_Product_Marjetplace-Prestashop\\TestSuite1\\TestScript2.js",
          "file": "\\TestSuite1\\TestScript2.js",
          "beforeHooks": [],
          "afterHooks": [],
          "tests": [
            {
              "title": "Verify if the WM logo is present on the landing page",
              "fullTitle": "Verifing if key features/menus on the home page are present Verify if the WM logo is present on the landing page",
              "timedOut": null,
              "duration": 65164,
              "state": "passed",
              "speed": "slow",
              "pass": true,
              "fail": false,
              "pending": false,
              "context": null,
              "code": "let driver = await new Builder().forBrowser(Browser.CHROME).build();\nawait driver.get('https://wealthmarketshop.com');\nawait driver.findElement(By.className(\"header-logo\"));\ndriver.close();",
              "err": {},
              "uuid": "01ae269e-dd2f-4736-939a-fae881c7fa43",
              "parentUUID": null,
              "isHook": false,
              "skipped": false
            },
            {
              "title": "Verify if the menu to view the list of sellers is present on the landing page",
              "fullTitle": "Verifing if key features/menus on the home page are present Verify if the menu to view the list of sellers is present on the landing page",
              "timedOut": null,
              "duration": 57055,
              "state": "passed",
              "speed": "slow",
              "pass": true,
              "fail": false,
              "pending": false,
              "context": null,
              "code": "let driver = await new Builder().forBrowser(Browser.CHROME).build();\n        await driver.get('https://wealthmarketshop.com');\n        let listOfSellersMenu = await (await driver.findElement(By.id('kb_displaynav1_links_container'))).getText();\n        assert.strictEqual(listOfSellersMenu, \"Sellers\", 'The Menu for Sellers');\n        driver.quit();",
              "err": {},
              "uuid": "9559b498-c422-436f-8245-af41bc4e6b40",
              "parentUUID": null,
              "isHook": false,
              "skipped": false
            },
            {
              "title": "Verify if the menu to view user's wishlist is present on the landing page",
              "fullTitle": "Verifing if key features/menus on the home page are present Verify if the menu to view user's wishlist is present on the landing page",
              "timedOut": null,
              "duration": 44800,
              "state": "passed",
              "speed": "slow",
              "pass": true,
              "fail": false,
              "pending": false,
              "context": null,
              "code": "let driver = await new Builder().forBrowser(Browser.CHROME).build();\n        //A user have to sign in before he can seen the wishlist menu\n        await driver.get('https://wealthmarketshop.com/index.php?controller=authentication&back=my-account');\n        // Fill in the login form\n        const emailInput = driver.findElement(By.name('email'));\n        emailInput.sendKeys('seunjr7@gmail.com');\n        const passwordInput = driver.findElement(By.name('password'));\n        passwordInput.sendKeys('economicedu156');\n        // Submit the login form\n        const loginButton = driver.findElement(By.id('submit-login'));\n        loginButton.click();\n        //successful log in\n        await driver.wait(until.urlIs('https://wealthmarketshop.com/index.php?controller=my-account'), 5000);\n        //Check for the wishlist menu\n        await driver.findElement(By.id('login_wish'));\n        // close browser session \n        driver.close();",
              "err": {},
              "uuid": "33f6b407-56d1-47b5-acc6-1b62b5c7bf83",
              "parentUUID": null,
              "isHook": false,
              "skipped": false
            },
            {
              "title": "Verify if the control menu 'dashboard' where a user can manage all his/her activities \n    as a seller on the ecommerce is present",
              "fullTitle": "Verifing if key features/menus on the home page are present Verify if the control menu 'dashboard' where a user can manage all his/her activities \n    as a seller on the ecommerce is present",
              "timedOut": null,
              "duration": 30556,
              "state": "passed",
              "speed": "slow",
              "pass": true,
              "fail": false,
              "pending": false,
              "context": null,
              "code": "let driver = await new Builder().forBrowser(Browser.CHROME).build();\n        //A user have to sign in before he can seen the wishlist menu\n        await driver.get('https://wealthmarketshop.com/index.php?controller=authentication&back=my-account');\n        // Fill in the login form\n        const emailInput = driver.findElement(By.name('email'));\n        emailInput.sendKeys('seunjr7@gmail.com');\n        const passwordInput = driver.findElement(By.name('password'));\n        passwordInput.sendKeys('economicedu156');\n        // Submit the login form\n        const loginButton = driver.findElement(By.id('submit-login'));\n        loginButton.click();\n        //successful log in\n        await driver.wait(until.urlIs('https://wealthmarketshop.com/index.php?controller=my-account'), 5000);\n        //Check for the wishlist menu\n        await driver.findElement(By.className('link hidden-md-up')).getText();\n        // close browser session \n        driver.close();",
              "err": {},
              "uuid": "14e146b0-4c45-43f1-be75-649a9585caf5",
              "parentUUID": null,
              "isHook": false,
              "skipped": false
            },
            {
              "title": "Verify if all the menus to control a seller account are present",
              "fullTitle": "Verifing if key features/menus on the home page are present Verify if all the menus to control a seller account are present",
              "timedOut": null,
              "duration": 11163,
              "state": "passed",
              "speed": "slow",
              "pass": true,
              "fail": false,
              "pending": false,
              "context": null,
              "code": "let driver = await new Builder().forBrowser(Browser.CHROME).build();\n        //To control your seller account you must have logged in, so we start be attempting to login\n        await driver.get('https://wealthmarketshop.com/index.php?controller=authentication&back=my-account');\n        // Fill in the login form\n        const emailInput = driver.findElement(By.name('email'));\n        emailInput.sendKeys('seunjr7@gmail.com');\n        const passwordInput = driver.findElement(By.name('password'));\n        passwordInput.sendKeys('economicedu156');\n        // Submit the login form\n        const loginButton = driver.findElement(By.id('submit-login'));\n        loginButton.click();\n        //successful log in\n        await driver.wait(until.urlIs('https://wealthmarketshop.com/index.php?controller=my-account'), 5000);\n        //Check if all the menus are available\n        let sellerMenus = await driver.findElement(By.className('link hidden-md-up')).getText();\n        assert.equal(sellerMenus,\n            ('Dashboard\\n' +\n                'Seller Profile\\n' +\n                'Products\\n' +\n                'Orders\\n' +\n                'Product Reviews\\n' +\n                'My Reviews\\n' +\n                'Earning\\n' +\n                'Transactions\\n' +\n                'Payout Request\\n' +\n                'Category Request\\n' +\n                'Shipping\\n' +\n                'GDPR\\n' +\n                'CSV/XML Import/Export\\n' +\n                'Ticket System\\n' +\n                'Booking Products\\n' +\n                'Booking Price Rules'\n            )\n        )\n        // close browser session \n        driver.close();",
              "err": {},
              "uuid": "3618e1d9-55e3-4f3e-b508-f1d813ccab0a",
              "parentUUID": null,
              "isHook": false,
              "skipped": false
            },
            {
              "title": "Verify if all the menus to control a customer account are present",
              "fullTitle": "Verifing if key features/menus on the home page are present Verify if all the menus to control a customer account are present",
              "timedOut": null,
              "duration": 28803,
              "state": "passed",
              "speed": "slow",
              "pass": true,
              "fail": false,
              "pending": false,
              "context": null,
              "code": "let driver = await new Builder().forBrowser(Browser.CHROME).build();\n        //To control your seller account you must have logged in, so we start be attempting to login\n        await driver.get('https://wealthmarketshop.com/index.php?controller=authentication&back=my-account');\n        // Fill in the login form\n        const emailInput = driver.findElement(By.name('email'));\n        emailInput.sendKeys('seunjr7@gmail.com');\n        const passwordInput = driver.findElement(By.name('password'));\n        passwordInput.sendKeys('economicedu156');\n        // Submit the login form\n        const loginButton = driver.findElement(By.id('submit-login'));\n        loginButton.click();\n        //successful log in\n        await driver.wait(until.urlIs('https://wealthmarketshop.com/index.php?controller=my-account'), 5000);\n        //check if all teh menus are available\n        let customerMenus = await (await driver.findElement(By.className('account-list'))).getText();\n        assert.equal(customerMenus,\n            ('Personal info\\n' +\n                'Merchandise returns\\n' +\n                'Orders\\n' +\n                'Credit slips\\n' +\n                'Addresses\\n' +\n                'Vouchers\\n' +\n                'My alerts\\n' +\n                'Seller Ticket Status\\n' +\n                'Become a seller\\n' +\n                'My wishlist\\n' +\n                'Sign out'\n            )\n        )\n        // close browser session \n        driver.close();",
              "err": {},
              "uuid": "465324b1-9316-48a4-8f31-e2ffb1e0f719",
              "parentUUID": null,
              "isHook": false,
              "skipped": false
            }
          ],
          "suites": [],
          "passes": [
            "01ae269e-dd2f-4736-939a-fae881c7fa43",
            "9559b498-c422-436f-8245-af41bc4e6b40",
            "33f6b407-56d1-47b5-acc6-1b62b5c7bf83",
            "14e146b0-4c45-43f1-be75-649a9585caf5",
            "3618e1d9-55e3-4f3e-b508-f1d813ccab0a",
            "465324b1-9316-48a4-8f31-e2ffb1e0f719"
          ],
          "failures": [],
          "pending": [],
          "skipped": [],
          "duration": 237541,
          "root": false,
          "rootEmpty": false,
          "_timeout": null
        }
      ],
      "passes": [],
      "failures": [],
      "pending": [],
      "skipped": [],
      "duration": 0,
      "root": true,
      "rootEmpty": true,
      "_timeout": 0
    }
  ],
  "meta": {
    "mocha": {
      "version": "10.2.0"
    },
    "mochawesome": {
      "options": {
        "quiet": false,
        "reportFilename": "mochawesome",
        "saveHtml": true,
        "saveJson": true,
        "consoleReporter": "spec",
        "useInlineDiffs": false,
        "code": true
      },
      "version": "7.1.3"
    },
    "marge": {
      "options": {
        "reportDir": "testReports",
        "": true
      },
      "version": "6.2.0"
    }
  }
}