{
  "stats": {
    "suites": 1,
    "tests": 3,
    "passes": 3,
    "pending": 0,
    "failures": 0,
    "start": "2023-03-13T17:18:10.458Z",
    "end": "2023-03-13T17:18:26.312Z",
    "duration": 15854,
    "testsRegistered": 3,
    "passPercent": 100,
    "pendingPercent": 0,
    "other": 0,
    "hasOther": false,
    "skipped": 0,
    "hasSkipped": false
  },
  "results": [
    {
      "uuid": "bac5f3e9-bf8b-4bd3-ad0d-8f3960eedd45",
      "title": "",
      "fullFile": "C:\\Users\\USER\\Desktop\\Test_Script_for_WM_Product_Marjetplace-Prestashop\\TestSuite3\\TestCase2.js",
      "file": "\\TestSuite3\\TestCase2.js",
      "beforeHooks": [],
      "afterHooks": [],
      "tests": [],
      "suites": [
        {
          "uuid": "656cb2d8-a1a0-443c-8472-e9688515e5d8",
          "title": "Managing listed product by a seller",
          "fullFile": "C:\\Users\\USER\\Desktop\\Test_Script_for_WM_Product_Marjetplace-Prestashop\\TestSuite3\\TestCase2.js",
          "file": "\\TestSuite3\\TestCase2.js",
          "beforeHooks": [
            {
              "title": "\"before all\" hook in \"Managing listed product by a seller\"",
              "fullTitle": "Managing listed product by a seller \"before all\" hook in \"Managing listed product by a seller\"",
              "timedOut": null,
              "duration": 1403,
              "state": null,
              "speed": null,
              "pass": false,
              "fail": false,
              "pending": null,
              "context": null,
              "code": "driver = await new Builder().forBrowser(\"chrome\").build();",
              "err": {},
              "uuid": "49a5ce35-b7e6-485e-8abc-dc30cdb2a814",
              "parentUUID": null,
              "isHook": true,
              "skipped": false
            }
          ],
          "afterHooks": [],
          "tests": [
            {
              "title": "Edit product (first product on the table)",
              "fullTitle": "Managing listed product by a seller Edit product (first product on the table)",
              "timedOut": null,
              "duration": 13472,
              "state": "passed",
              "speed": "slow",
              "pass": true,
              "fail": false,
              "pending": false,
              "context": null,
              "code": "// Navigate to the log in page on the service marketplace\n        await driver.get('https://wealthmarketshop.com/index.php?controller=authentication&back=my-account');\n        await driver.manage().window().maximize();\n        // Fill in the login form\n        const emailInput = await driver.findElement(By.name('email'));\n        emailInput.sendKeys('seunjr7@gmail.com');\n        const passwordInput = await driver.findElement(By.name('password'));\n        passwordInput.sendKeys('economicedu156');\n        // Submit the login form\n        const loginButton = await driver.findElement(By.id('submit-login'));\n        loginButton.click();\n        await driver.wait(until.urlIs('https://wealthmarketshop.com/index.php?controller=my-account'), 5000, 'Should load dashboard page');\n        //Scrolldown the window\n        await driver.executeScript(\"window.scrollBy(0, 500)\");\n        // The element that holds the seller product menu \n        await driver.findElement(By.xpath(\"/html/body/main/section/div/div/div/div[2]/div/section/section/div/div/div/a[3]/span\")).click();\n        //Wait for 5 seconds before looking for the element\n        await driver.manage().setTimeouts({ implicit: 5000 });\n        //Delete the first product of the table\n        let nameOfToBeDeletedProduct = await driver.findElement(By.xpath(\"//tr/td[4]\")).getText().then(function (value) {\n            return value\n        });\n        console.log(nameOfToBeDeletedProduct)\n        // // Navigate directly to the product list page\n        // await driver.get('https://wealthmarketshop.com/index.php?fc=module&module=kbmarketplace&controller=kbproduct');\n        //Edit button\n        await driver.findElement(By.xpath(\"//tr/td[11]/a[1]\")).click();\n        //Change Price\n        await driver.findElement(By.id(\"price\")).sendKeys(\"50000\")\n        //Change the quantity\n        await driver.findElement(By.id(\"kb_product_quantity\")).clear()\n        await driver.findElement(By.id(\"kb_product_quantity\")).sendKeys(\"120\")\n        //Save Button\n        await driver.findElement(By.xpath(\"//button[2]\")).click();",
              "err": {},
              "uuid": "8c208be3-cb48-4f19-a66f-4fcc7f2b675f",
              "parentUUID": null,
              "isHook": false,
              "skipped": false
            },
            {
              "title": "",
              "fullTitle": "Managing listed product by a seller ",
              "timedOut": null,
              "duration": 0,
              "state": "passed",
              "speed": "fast",
              "pass": true,
              "fail": false,
              "pending": false,
              "context": null,
              "code": "",
              "err": {},
              "uuid": "41d8ef06-149d-4f24-833d-8aed912bb9a6",
              "parentUUID": null,
              "isHook": false,
              "skipped": false
            },
            {
              "title": "",
              "fullTitle": "Managing listed product by a seller ",
              "timedOut": null,
              "duration": 0,
              "state": "passed",
              "speed": "fast",
              "pass": true,
              "fail": false,
              "pending": false,
              "context": null,
              "code": "",
              "err": {},
              "uuid": "42c61acf-b1d2-4dcd-ac13-40e0b0d9ef31",
              "parentUUID": null,
              "isHook": false,
              "skipped": false
            }
          ],
          "suites": [],
          "passes": [
            "8c208be3-cb48-4f19-a66f-4fcc7f2b675f",
            "41d8ef06-149d-4f24-833d-8aed912bb9a6",
            "42c61acf-b1d2-4dcd-ac13-40e0b0d9ef31"
          ],
          "failures": [],
          "pending": [],
          "skipped": [],
          "duration": 13472,
          "root": false,
          "rootEmpty": false,
          "_timeout": null
        }
      ],
      "passes": [],
      "failures": [],
      "pending": [],
      "skipped": [],
      "duration": 0,
      "root": true,
      "rootEmpty": true,
      "_timeout": 0
    }
  ],
  "meta": {
    "mocha": {
      "version": "10.2.0"
    },
    "mochawesome": {
      "options": {
        "quiet": false,
        "reportFilename": "mochawesome",
        "saveHtml": true,
        "saveJson": true,
        "consoleReporter": "spec",
        "useInlineDiffs": false,
        "code": true
      },
      "version": "7.1.3"
    },
    "marge": {
      "options": {
        "reportDir": "testReports",
        "": true
      },
      "version": "6.2.0"
    }
  }
}