{
  "stats": {
    "suites": 1,
    "tests": 1,
    "passes": 0,
    "pending": 0,
    "failures": 1,
    "start": "2025-07-18T14:36:10.410Z",
    "end": "2025-07-18T14:36:12.438Z",
    "duration": 2028,
    "testsRegistered": 1,
    "passPercent": 0,
    "pendingPercent": 0,
    "other": 0,
    "hasOther": false,
    "skipped": 0,
    "hasSkipped": false
  },
  "results": [
    {
      "uuid": "b02de5a8-61fe-459e-9bda-f00f9d370322",
      "title": "",
      "fullFile": "C:\\Users\\DELL\\Desktop\\Projects\\Test_Script_for_WM_Product_Marketplace-Prestashop\\TestSuite1\\TestScript1.js",
      "file": "\\TestSuite1\\TestScript1.js",
      "beforeHooks": [],
      "afterHooks": [],
      "tests": [],
      "suites": [
        {
          "uuid": "47ebd238-b7dd-4cc7-9ddc-c46add2d6ed7",
          "title": "Test for Login",
          "fullFile": "C:\\Users\\DELL\\Desktop\\Projects\\Test_Script_for_WM_Product_Marketplace-Prestashop\\TestSuite1\\TestScript1.js",
          "file": "\\TestSuite1\\TestScript1.js",
          "beforeHooks": [],
          "afterHooks": [],
          "tests": [
            {
              "title": "Valid scenario",
              "fullTitle": "Test for Login Valid scenario",
              "timedOut": true,
              "duration": 2017,
              "state": "failed",
              "speed": null,
              "pass": false,
              "fail": true,
              "pending": false,
              "context": null,
              "code": "// Set up the Selenium WebDriver instance\n        let driver = await new Builder().forBrowser(Browser.FIREFOX).build();\n        // Navigate to the log in page on the service marketplace\n        await driver.get('https://wealthmarketshop.com/index.php?controller=authentication&back=my-account');\n        await driver.findElement(By.id(\"submit-login\")).click();\n        // Fill in the login form\n        const emailInput = driver.findElement(By.name('username'));\n        emailInput.sendKeys('seunjr7@gmail.com');\n        const passwordInput = driver.findElement(By.name('password'));\n        passwordInput.sendKeys('economicedu156');\n        // Submit the login form\n        const loginButton = driver.findElement(By.className('submit'));\n        loginButton.click();\n        await driver.wait(until.urlIs('https://wealthmarketshop.com/index.php?controller=my-account'), 5000, 'Showld load dashboard page');\n        // close browser session \n        driver.close();",
              "err": {
                "message": "Error: Timeout of 2000ms exceeded. For async tests and hooks, ensure \"done()\" is called; if returning a Promise, ensure it resolves. (C:\\Users\\DELL\\Desktop\\Projects\\Test_Script_for_WM_Product_Marketplace-Prestashop\\TestSuite1\\TestScript1.js)",
                "estack": "Error: Timeout of 2000ms exceeded. For async tests and hooks, ensure \"done()\" is called; if returning a Promise, ensure it resolves. (C:\\Users\\DELL\\Desktop\\Projects\\Test_Script_for_WM_Product_Marketplace-Prestashop\\TestSuite1\\TestScript1.js)\n    at listOnTimeout (node:internal/timers:569:17)\n    at process.processTimers (node:internal/timers:512:7)",
                "diff": null
              },
              "uuid": "598bbd34-8abb-4b8f-a9dc-ed67abda0b3d",
              "parentUUID": "47ebd238-b7dd-4cc7-9ddc-c46add2d6ed7",
              "isHook": false,
              "skipped": false
            }
          ],
          "suites": [],
          "passes": [],
          "failures": [
            "598bbd34-8abb-4b8f-a9dc-ed67abda0b3d"
          ],
          "pending": [],
          "skipped": [],
          "duration": 2017,
          "root": false,
          "rootEmpty": false,
          "_timeout": 2000
        }
      ],
      "passes": [],
      "failures": [],
      "pending": [],
      "skipped": [],
      "duration": 0,
      "root": true,
      "rootEmpty": true,
      "_timeout": 2000
    }
  ],
  "meta": {
    "mocha": {
      "version": "11.7.1"
    },
    "mochawesome": {
      "options": {
        "quiet": false,
        "reportFilename": "mochawesome",
        "saveHtml": true,
        "saveJson": true,
        "consoleReporter": "spec",
        "useInlineDiffs": false,
        "code": true
      },
      "version": "7.1.3"
    },
    "marge": {
      "options": null,
      "version": "6.2.0"
    }
  }
}